<?xml version="1.0" encoding="UTF-8"?>
<!-- Generated by org.testng.reporters.JUnitReportReporter -->
<testsuite hostname="DESKTOP-7AQM5E7" failures="0" tests="1" name="testCases.TC001_HomePageTest" time="18.997" errors="0" timestamp="2024-10-16T17:39:39 IST" skipped="0">
  <testcase classname="testCases.TC001_HomePageTest" name="buttonvalidation" time="18.997"/>
</testsuite> <!-- testCases.TC001_HomePageTest -->
