<?xml version="1.0" encoding="UTF-8"?>
<!-- Generated by org.testng.reporters.JUnitReportReporter -->
<testsuite hostname="DESKTOP-7AQM5E7" failures="0" tests="1" name="testCases.TC004_BrowserTabTest" time="12.289" errors="0" timestamp="2024-10-21T11:58:33 IST" skipped="0">
  <testcase classname="testCases.TC004_BrowserTabTest" name="browsertabstest" time="12.289"/>
</testsuite> <!-- testCases.TC004_BrowserTabTest -->
