<?xml version="1.0" encoding="UTF-8"?>
<!-- Generated by org.testng.reporters.JUnitReportReporter -->
<testsuite hostname="DESKTOP-7AQM5E7" failures="0" tests="3" name="testCases.TC006_DropdownTest" time="63.719" errors="0" timestamp="2024-10-24T16:59:03 IST" skipped="0">
  <testcase classname="testCases.TC006_DropdownTest" name="navvalidation" time="18.134"/>
  <testcase classname="testCases.TC006_DropdownTest" name="checkboxvalidation" time="16.088"/>
  <testcase classname="testCases.TC006_DropdownTest" name="dropdownvalidation" time="29.497"/>
</testsuite> <!-- testCases.TC006_DropdownTest -->
