<?xml version="1.0" encoding="UTF-8"?>
<!-- Generated by org.testng.reporters.JUnitReportReporter -->
<testsuite hostname="DESKTOP-7AQM5E7" failures="0" tests="1" name="testCases.TC003_AccordionTest" time="8.590" errors="0" timestamp="2024-10-19T12:58:06 IST" skipped="0">
  <testcase classname="testCases.TC003_AccordionTest" name="accordiontest" time="8.590"/>
</testsuite> <!-- testCases.TC003_AccordionTest -->
