<?xml version="1.0" encoding="UTF-8"?>
<!-- Generated by org.testng.reporters.JUnitReportReporter -->
<testsuite hostname="DESKTOP-7AQM5E7" failures="0" tests="1" name="testCases.TC005_ContactFormTest" time="12.382" errors="0" timestamp="2024-10-21T23:25:08 IST" skipped="0">
  <testcase classname="testCases.TC005_ContactFormTest" name="contactformvalidation" time="12.382"/>
</testsuite> <!-- testCases.TC005_ContactFormTest -->
